<?xml version="1.0" encoding="UTF-8"?>
<!-- Generated by org.testng.reporters.JUnitXMLReporter -->
<testsuite hostname="akawalkar-lap-0269" ignored="0" name="inetBanking" tests="6" failures="0" timestamp="2022-03-02T14:11:36 IST" time="60.865" errors="0">
  <testcase name="loginTest" time="6.288" classname="com.inetBanking.testCases.TC_LoginTest_001"/>
  <testcase name="loginDDT" time="10.16" classname="com.inetBanking.testCases.TC_Login_DDT_002"/>
  <testcase name="loginDDT" time="5.566" classname="com.inetBanking.testCases.TC_Login_DDT_002"/>
  <testcase name="loginDDT" time="6.267" classname="com.inetBanking.testCases.TC_Login_DDT_002"/>
  <testcase name="loginDDT" time="5.571" classname="com.inetBanking.testCases.TC_Login_DDT_002"/>
  <testcase name="loginDDT" time="6.772" classname="com.inetBanking.testCases.TC_Login_DDT_002"/>
</testsuite> <!-- inetBanking -->
