<?xml version="1.0" encoding="UTF-8"?>
<!-- Generated by org.testng.reporters.JUnitXMLReporter -->
<testsuite hostname="akawalkar-lap-0269" ignored="0" name="inetBanking" tests="6" failures="0" timestamp="2022-03-09T10:38:28 IST" time="71.457" errors="0">
  <testcase name="loginTest" time="5.709" classname="com.inetBanking.testCases.TC_LoginTest_001"/>
  <testcase name="loginDDT" time="11.436" classname="com.inetBanking.testCases.TC_Login_DDT_002"/>
  <testcase name="loginDDT" time="8.279" classname="com.inetBanking.testCases.TC_Login_DDT_002"/>
  <testcase name="loginDDT" time="7.709" classname="com.inetBanking.testCases.TC_Login_DDT_002"/>
  <testcase name="loginDDT" time="6.451" classname="com.inetBanking.testCases.TC_Login_DDT_002"/>
  <testcase name="loginDDT" time="5.831" classname="com.inetBanking.testCases.TC_Login_DDT_002"/>
</testsuite> <!-- inetBanking -->
