<?xml version="1.0" encoding="UTF-8"?>
<!-- Generated by org.testng.reporters.JUnitXMLReporter -->
<testsuite hostname="akawalkar-lap-0269" ignored="0" name="inetBanking" tests="2" failures="0" timestamp="2022-03-01T17:27:18 IST" time="76.111" errors="0">
  <testcase name="loginTest" time="6.375" classname="com.inetBanking.testCases.TC_LoginTest_001"/>
  <testcase name="addNewCustomer" time="49.115" classname="com.inetBanking.testCases.TC_AddCustometTest_003"/>
</testsuite> <!-- inetBanking -->
