<?xml version="1.0" encoding="UTF-8"?>
<testng-results skipped="0" failed="0" ignored="0" total="6" passed="6">
  <reporter-output>
  </reporter-output>
  <suite name="Banking" duration-ms="60865" started-at="2022-03-02T14:10:36 IST" finished-at="2022-03-02T14:11:36 IST">
    <groups>
    </groups>
    <test name="inetBanking" duration-ms="60865" started-at="2022-03-02T14:10:36 IST" finished-at="2022-03-02T14:11:36 IST">
      <class name="com.inetBanking.testCases.TC_LoginTest_001">
        <test-method status="PASS" signature="setup(java.lang.String)[pri:0, instance:com.inetBanking.testCases.TC_LoginTest_001@44c8afef]" name="setup" is-config="true" duration-ms="10386" started-at="2022-03-02T14:10:36 IST" finished-at="2022-03-02T14:10:46 IST">
          <params>
            <param index="0">
              <value>
                <![CDATA[chrome]]>
              </value>
            </param>
          </params>
          <reporter-output>
          </reporter-output>
        </test-method> <!-- setup -->
        <test-method status="PASS" signature="loginTest()[pri:0, instance:com.inetBanking.testCases.TC_LoginTest_001@44c8afef]" name="loginTest" duration-ms="6288" started-at="2022-03-02T14:10:46 IST" finished-at="2022-03-02T14:10:52 IST">
          <reporter-output>
          </reporter-output>
        </test-method> <!-- loginTest -->
        <test-method status="PASS" signature="tearDown()[pri:0, instance:com.inetBanking.testCases.TC_LoginTest_001@44c8afef]" name="tearDown" is-config="true" duration-ms="659" started-at="2022-03-02T14:10:52 IST" finished-at="2022-03-02T14:10:53 IST">
          <reporter-output>
          </reporter-output>
        </test-method> <!-- tearDown -->
      </class> <!-- com.inetBanking.testCases.TC_LoginTest_001 -->
      <class name="com.inetBanking.testCases.TC_Login_DDT_002">
        <test-method status="PASS" signature="setup(java.lang.String)[pri:0, instance:com.inetBanking.testCases.TC_Login_DDT_002@5ed828d]" name="setup" is-config="true" duration-ms="6475" started-at="2022-03-02T14:10:53 IST" finished-at="2022-03-02T14:11:00 IST">
          <params>
            <param index="0">
              <value>
                <![CDATA[chrome]]>
              </value>
            </param>
          </params>
          <reporter-output>
          </reporter-output>
        </test-method> <!-- setup -->
        <test-method status="PASS" signature="loginDDT(java.lang.String,java.lang.String,java.lang.String)[pri:0, instance:com.inetBanking.testCases.TC_Login_DDT_002@5ed828d]" name="loginDDT" duration-ms="10160" started-at="2022-03-02T14:11:01 IST" data-provider="LoginData" finished-at="2022-03-02T14:11:12 IST">
          <params>
            <param index="0">
              <value>
                <![CDATA[mngr386731]]>
              </value>
            </param>
            <param index="1">
              <value>
                <![CDATA[EmErYpU]]>
              </value>
            </param>
            <param index="2">
              <value>
                <![CDATA[Valid]]>
              </value>
            </param>
          </params>
          <reporter-output>
          </reporter-output>
        </test-method> <!-- loginDDT -->
        <test-method status="PASS" signature="loginDDT(java.lang.String,java.lang.String,java.lang.String)[pri:0, instance:com.inetBanking.testCases.TC_Login_DDT_002@5ed828d]" name="loginDDT" duration-ms="5566" started-at="2022-03-02T14:11:12 IST" data-provider="LoginData" finished-at="2022-03-02T14:11:17 IST">
          <params>
            <param index="0">
              <value>
                <![CDATA[mngr83460]]>
              </value>
            </param>
            <param index="1">
              <value>
                <![CDATA[qAbUzyj]]>
              </value>
            </param>
            <param index="2">
              <value>
                <![CDATA[Invalid]]>
              </value>
            </param>
          </params>
          <reporter-output>
          </reporter-output>
        </test-method> <!-- loginDDT -->
        <test-method status="PASS" signature="loginDDT(java.lang.String,java.lang.String,java.lang.String)[pri:0, instance:com.inetBanking.testCases.TC_Login_DDT_002@5ed828d]" name="loginDDT" duration-ms="6267" started-at="2022-03-02T14:11:17 IST" data-provider="LoginData" finished-at="2022-03-02T14:11:23 IST">
          <params>
            <param index="0">
              <value>
                <![CDATA[mngr137319]]>
              </value>
            </param>
            <param index="1">
              <value>
                <![CDATA[bAdYvyb]]>
              </value>
            </param>
            <param index="2">
              <value>
                <![CDATA[Invalid]]>
              </value>
            </param>
          </params>
          <reporter-output>
          </reporter-output>
        </test-method> <!-- loginDDT -->
        <test-method status="PASS" signature="loginDDT(java.lang.String,java.lang.String,java.lang.String)[pri:0, instance:com.inetBanking.testCases.TC_Login_DDT_002@5ed828d]" name="loginDDT" duration-ms="5571" started-at="2022-03-02T14:11:23 IST" data-provider="LoginData" finished-at="2022-03-02T14:11:29 IST">
          <params>
            <param index="0">
              <value>
                <![CDATA[mngr164225]]>
              </value>
            </param>
            <param index="1">
              <value>
                <![CDATA[jahetAp]]>
              </value>
            </param>
            <param index="2">
              <value>
                <![CDATA[Invalid]]>
              </value>
            </param>
          </params>
          <reporter-output>
          </reporter-output>
        </test-method> <!-- loginDDT -->
        <test-method status="PASS" signature="loginDDT(java.lang.String,java.lang.String,java.lang.String)[pri:0, instance:com.inetBanking.testCases.TC_Login_DDT_002@5ed828d]" name="loginDDT" duration-ms="6772" started-at="2022-03-02T14:11:29 IST" data-provider="LoginData" finished-at="2022-03-02T14:11:36 IST">
          <params>
            <param index="0">
              <value>
                <![CDATA[mngr112909]]>
              </value>
            </param>
            <param index="1">
              <value>
                <![CDATA[tytUreg]]>
              </value>
            </param>
            <param index="2">
              <value>
                <![CDATA[Invalid]]>
              </value>
            </param>
          </params>
          <reporter-output>
          </reporter-output>
        </test-method> <!-- loginDDT -->
        <test-method status="PASS" signature="tearDown()[pri:0, instance:com.inetBanking.testCases.TC_Login_DDT_002@5ed828d]" name="tearDown" is-config="true" duration-ms="685" started-at="2022-03-02T14:11:36 IST" finished-at="2022-03-02T14:11:36 IST">
          <reporter-output>
          </reporter-output>
        </test-method> <!-- tearDown -->
      </class> <!-- com.inetBanking.testCases.TC_Login_DDT_002 -->
    </test> <!-- inetBanking -->
  </suite> <!-- Banking -->
</testng-results>
