<?xml version="1.0" encoding="UTF-8"?>
<testsuite xmlns:xsi="http://www.w3.org/2001/XMLSchema-instance" xsi:noNamespaceSchemaLocation="https://maven.apache.org/surefire/maven-surefire-plugin/xsd/surefire-test-report-3.0.xsd" version="3.0" name="TestSuite" time="62.367" tests="6" errors="0" skipped="0" failures="0">
  <properties>
[...]
</properties>
  <testcase name="loginTest" classname="com.inetBanking.testCases.TC_LoginTest_001" time="6.287">
    <system-out><![CDATA[start
 INFO [main] (TC_LoginTest_001.java:16)- URL is open
 INFO [main] (TC_LoginTest_001.java:18)- Enter User Name
 INFO [main] (TC_LoginTest_001.java:20)- Enter Password
 INFO [main] (TC_LoginTest_001.java:22)- Click on login button
GTPL Bank Home Page
 INFO [main] (TC_LoginTest_001.java:27)- login test pass
]]></system-out>
    <system-err><![CDATA[SLF4J: Failed to load class "org.slf4j.impl.StaticLoggerBinder".
SLF4J: Defaulting to no-operation (NOP) logger implementation
SLF4J: See http://www.slf4j.org/codes.html#StaticLoggerBinder for further details.
Starting ChromeDriver 98.0.4758.102 (273bf7ac8c909cde36982d27f66f3c70846a3718-refs/branch-heads/4758@{#1151}) on port 52338
Only local connections are allowed.
Please see https://chromedriver.chromium.org/security-considerations for suggestions on keeping ChromeDriver safe.
ChromeDriver was started successfully.
Mar 02, 2022 2:10:40 PM org.openqa.selenium.remote.ProtocolHandshake createSession
INFO: Detected dialect: W3C
Mar 02, 2022 2:10:40 PM org.openqa.selenium.devtools.CdpVersionFinder findNearestMatch
WARNING: Unable to find an exact match for CDP version 98, so returning the closest version found: 96
Mar 02, 2022 2:10:40 PM org.openqa.selenium.devtools.CdpVersionFinder findNearestMatch
INFO: Found CDP implementation for version 98 of 96
]]></system-err>
  </testcase>
  <testcase name="loginDDT[mngr386731, EmErYpU, Valid](1)" classname="com.inetBanking.testCases.TC_Login_DDT_002" time="10.126">
    <system-out><![CDATA[Stop
start
in get data 
get data befor return
mngr386731
in login test
 INFO [main] (TC_Login_DDT_002.java:23)- user name provided
 INFO [main] (TC_Login_DDT_002.java:25)- password provided
 INFO [main] (TC_Login_DDT_002.java:43)- Login passed
]]></system-out>
    <system-err><![CDATA[Starting ChromeDriver 98.0.4758.102 (273bf7ac8c909cde36982d27f66f3c70846a3718-refs/branch-heads/4758@{#1151}) on port 53551
Only local connections are allowed.
Please see https://chromedriver.chromium.org/security-considerations for suggestions on keeping ChromeDriver safe.
ChromeDriver was started successfully.
Mar 02, 2022 2:10:55 PM org.openqa.selenium.remote.ProtocolHandshake createSession
INFO: Detected dialect: W3C
Mar 02, 2022 2:10:55 PM org.openqa.selenium.devtools.CdpVersionFinder findNearestMatch
WARNING: Unable to find an exact match for CDP version 98, so returning the closest version found: 96
Mar 02, 2022 2:10:55 PM org.openqa.selenium.devtools.CdpVersionFinder findNearestMatch
INFO: Found CDP implementation for version 98 of 96
]]></system-err>
  </testcase>
  <testcase name="loginDDT[mngr83460, qAbUzyj, Invalid](2)" classname="com.inetBanking.testCases.TC_Login_DDT_002" time="5.566">
    <system-out><![CDATA[in login test
 INFO [main] (TC_Login_DDT_002.java:23)- user name provided
 INFO [main] (TC_Login_DDT_002.java:25)- password provided
 INFO [main] (TC_Login_DDT_002.java:54)- Login passed
]]></system-out>
  </testcase>
  <testcase name="loginDDT[mngr137319, bAdYvyb, Invalid](3)" classname="com.inetBanking.testCases.TC_Login_DDT_002" time="6.267">
    <system-out><![CDATA[in login test
 INFO [main] (TC_Login_DDT_002.java:23)- user name provided
 INFO [main] (TC_Login_DDT_002.java:25)- password provided
 INFO [main] (TC_Login_DDT_002.java:54)- Login passed
]]></system-out>
  </testcase>
  <testcase name="loginDDT[mngr164225, jahetAp, Invalid](4)" classname="com.inetBanking.testCases.TC_Login_DDT_002" time="5.572">
    <system-out><![CDATA[in login test
 INFO [main] (TC_Login_DDT_002.java:23)- user name provided
 INFO [main] (TC_Login_DDT_002.java:25)- password provided
 INFO [main] (TC_Login_DDT_002.java:54)- Login passed
]]></system-out>
  </testcase>
  <testcase name="loginDDT[mngr112909, tytUreg, Invalid](5)" classname="com.inetBanking.testCases.TC_Login_DDT_002" time="6.772">
    <system-out><![CDATA[in login test
 INFO [main] (TC_Login_DDT_002.java:23)- user name provided
 INFO [main] (TC_Login_DDT_002.java:25)- password provided
 INFO [main] (TC_Login_DDT_002.java:54)- Login passed
]]></system-out>
  </testcase>
</testsuite>