<?xml version="1.0" encoding="UTF-8"?>
<testng-results skipped="0" failed="0" ignored="0" total="6" passed="6">
  <reporter-output>
  </reporter-output>
  <suite name="Banking" duration-ms="71457" started-at="2022-03-09T10:37:16 IST" finished-at="2022-03-09T10:38:28 IST">
    <groups>
    </groups>
    <test name="inetBanking" duration-ms="71457" started-at="2022-03-09T10:37:16 IST" finished-at="2022-03-09T10:38:28 IST">
      <class name="com.inetBanking.testCases.TC_LoginTest_001">
        <test-method status="PASS" signature="setup(java.lang.String)[pri:0, instance:com.inetBanking.testCases.TC_LoginTest_001@670b40af]" name="setup" is-config="true" duration-ms="13541" started-at="2022-03-09T10:37:17 IST" finished-at="2022-03-09T10:37:30 IST">
          <params>
            <param index="0">
              <value>
                <![CDATA[chrome]]>
              </value>
            </param>
          </params>
          <reporter-output>
          </reporter-output>
        </test-method> <!-- setup -->
        <test-method status="PASS" signature="loginTest()[pri:0, instance:com.inetBanking.testCases.TC_LoginTest_001@670b40af]" name="loginTest" duration-ms="5709" started-at="2022-03-09T10:37:30 IST" finished-at="2022-03-09T10:37:36 IST">
          <reporter-output>
          </reporter-output>
        </test-method> <!-- loginTest -->
        <test-method status="PASS" signature="tearDown()[pri:0, instance:com.inetBanking.testCases.TC_LoginTest_001@670b40af]" name="tearDown" is-config="true" duration-ms="739" started-at="2022-03-09T10:37:36 IST" finished-at="2022-03-09T10:37:37 IST">
          <reporter-output>
          </reporter-output>
        </test-method> <!-- tearDown -->
      </class> <!-- com.inetBanking.testCases.TC_LoginTest_001 -->
      <class name="com.inetBanking.testCases.TC_Login_DDT_002">
        <test-method status="PASS" signature="setup(java.lang.String)[pri:0, instance:com.inetBanking.testCases.TC_Login_DDT_002@262b2c86]" name="setup" is-config="true" duration-ms="8913" started-at="2022-03-09T10:37:37 IST" finished-at="2022-03-09T10:37:46 IST">
          <params>
            <param index="0">
              <value>
                <![CDATA[chrome]]>
              </value>
            </param>
          </params>
          <reporter-output>
          </reporter-output>
        </test-method> <!-- setup -->
        <test-method status="PASS" signature="loginDDT(java.lang.String,java.lang.String,java.lang.String)[pri:0, instance:com.inetBanking.testCases.TC_Login_DDT_002@262b2c86]" name="loginDDT" duration-ms="11436" started-at="2022-03-09T10:37:47 IST" data-provider="LoginData" finished-at="2022-03-09T10:37:59 IST">
          <params>
            <param index="0">
              <value>
                <![CDATA[mngr386731]]>
              </value>
            </param>
            <param index="1">
              <value>
                <![CDATA[EmErYpU]]>
              </value>
            </param>
            <param index="2">
              <value>
                <![CDATA[Valid]]>
              </value>
            </param>
          </params>
          <reporter-output>
          </reporter-output>
        </test-method> <!-- loginDDT -->
        <test-method status="PASS" signature="loginDDT(java.lang.String,java.lang.String,java.lang.String)[pri:0, instance:com.inetBanking.testCases.TC_Login_DDT_002@262b2c86]" name="loginDDT" duration-ms="8279" started-at="2022-03-09T10:37:59 IST" data-provider="LoginData" finished-at="2022-03-09T10:38:07 IST">
          <params>
            <param index="0">
              <value>
                <![CDATA[mngr83460]]>
              </value>
            </param>
            <param index="1">
              <value>
                <![CDATA[qAbUzyj]]>
              </value>
            </param>
            <param index="2">
              <value>
                <![CDATA[Invalid]]>
              </value>
            </param>
          </params>
          <reporter-output>
          </reporter-output>
        </test-method> <!-- loginDDT -->
        <test-method status="PASS" signature="loginDDT(java.lang.String,java.lang.String,java.lang.String)[pri:0, instance:com.inetBanking.testCases.TC_Login_DDT_002@262b2c86]" name="loginDDT" duration-ms="7709" started-at="2022-03-09T10:38:07 IST" data-provider="LoginData" finished-at="2022-03-09T10:38:15 IST">
          <params>
            <param index="0">
              <value>
                <![CDATA[mngr137319]]>
              </value>
            </param>
            <param index="1">
              <value>
                <![CDATA[bAdYvyb]]>
              </value>
            </param>
            <param index="2">
              <value>
                <![CDATA[Invalid]]>
              </value>
            </param>
          </params>
          <reporter-output>
          </reporter-output>
        </test-method> <!-- loginDDT -->
        <test-method status="PASS" signature="loginDDT(java.lang.String,java.lang.String,java.lang.String)[pri:0, instance:com.inetBanking.testCases.TC_Login_DDT_002@262b2c86]" name="loginDDT" duration-ms="6451" started-at="2022-03-09T10:38:15 IST" data-provider="LoginData" finished-at="2022-03-09T10:38:21 IST">
          <params>
            <param index="0">
              <value>
                <![CDATA[mngr164225]]>
              </value>
            </param>
            <param index="1">
              <value>
                <![CDATA[jahetAp]]>
              </value>
            </param>
            <param index="2">
              <value>
                <![CDATA[Invalid]]>
              </value>
            </param>
          </params>
          <reporter-output>
          </reporter-output>
        </test-method> <!-- loginDDT -->
        <test-method status="PASS" signature="loginDDT(java.lang.String,java.lang.String,java.lang.String)[pri:0, instance:com.inetBanking.testCases.TC_Login_DDT_002@262b2c86]" name="loginDDT" duration-ms="5831" started-at="2022-03-09T10:38:21 IST" data-provider="LoginData" finished-at="2022-03-09T10:38:27 IST">
          <params>
            <param index="0">
              <value>
                <![CDATA[mngr112909]]>
              </value>
            </param>
            <param index="1">
              <value>
                <![CDATA[tytUreg]]>
              </value>
            </param>
            <param index="2">
              <value>
                <![CDATA[Invalid]]>
              </value>
            </param>
          </params>
          <reporter-output>
          </reporter-output>
        </test-method> <!-- loginDDT -->
        <test-method status="PASS" signature="tearDown()[pri:0, instance:com.inetBanking.testCases.TC_Login_DDT_002@262b2c86]" name="tearDown" is-config="true" duration-ms="738" started-at="2022-03-09T10:38:27 IST" finished-at="2022-03-09T10:38:28 IST">
          <reporter-output>
          </reporter-output>
        </test-method> <!-- tearDown -->
      </class> <!-- com.inetBanking.testCases.TC_Login_DDT_002 -->
    </test> <!-- inetBanking -->
  </suite> <!-- Banking -->
</testng-results>
