<?xml version="1.0" encoding="UTF-8"?>
<testng-results skipped="0" failed="0" ignored="0" total="5" passed="5">
  <reporter-output>
  </reporter-output>
  <suite name="Default suite" duration-ms="43596" started-at="2022-08-01T22:28:55 IST" finished-at="2022-08-01T22:29:39 IST">
    <groups>
    </groups>
    <test name="Default test" duration-ms="43596" started-at="2022-08-01T22:28:55 IST" finished-at="2022-08-01T22:29:39 IST">
      <class name="com.inetBanking.testCases.TC_Login_DDT_002">
        <test-method status="PASS" signature="setup()[pri:0, instance:com.inetBanking.testCases.TC_Login_DDT_002@481a15ff]" name="setup" is-config="true" duration-ms="7262" started-at="2022-08-01T22:28:56 IST" finished-at="2022-08-01T22:29:03 IST">
          <reporter-output>
          </reporter-output>
        </test-method> <!-- setup -->
        <test-method status="PASS" signature="loginDDT(java.lang.String,java.lang.String,java.lang.String)[pri:0, instance:com.inetBanking.testCases.TC_Login_DDT_002@481a15ff]" name="loginDDT" duration-ms="8518" started-at="2022-08-01T22:29:05 IST" data-provider="LoginData" finished-at="2022-08-01T22:29:14 IST">
          <params>
            <param index="0">
              <value>
                <![CDATA[mngr429180]]>
              </value>
            </param>
            <param index="1">
              <value>
                <![CDATA[uvArajY]]>
              </value>
            </param>
            <param index="2">
              <value>
                <![CDATA[Valid]]>
              </value>
            </param>
          </params>
          <reporter-output>
          </reporter-output>
        </test-method> <!-- loginDDT -->
        <test-method status="PASS" signature="loginDDT(java.lang.String,java.lang.String,java.lang.String)[pri:0, instance:com.inetBanking.testCases.TC_Login_DDT_002@481a15ff]" name="loginDDT" duration-ms="6011" started-at="2022-08-01T22:29:14 IST" data-provider="LoginData" finished-at="2022-08-01T22:29:20 IST">
          <params>
            <param index="0">
              <value>
                <![CDATA[mngr83460]]>
              </value>
            </param>
            <param index="1">
              <value>
                <![CDATA[qAbUzyj]]>
              </value>
            </param>
            <param index="2">
              <value>
                <![CDATA[Invalid]]>
              </value>
            </param>
          </params>
          <reporter-output>
          </reporter-output>
        </test-method> <!-- loginDDT -->
        <test-method status="PASS" signature="loginDDT(java.lang.String,java.lang.String,java.lang.String)[pri:0, instance:com.inetBanking.testCases.TC_Login_DDT_002@481a15ff]" name="loginDDT" duration-ms="7124" started-at="2022-08-01T22:29:20 IST" data-provider="LoginData" finished-at="2022-08-01T22:29:27 IST">
          <params>
            <param index="0">
              <value>
                <![CDATA[mngr137319]]>
              </value>
            </param>
            <param index="1">
              <value>
                <![CDATA[bAdYvyb]]>
              </value>
            </param>
            <param index="2">
              <value>
                <![CDATA[Invalid]]>
              </value>
            </param>
          </params>
          <reporter-output>
          </reporter-output>
        </test-method> <!-- loginDDT -->
        <test-method status="PASS" signature="loginDDT(java.lang.String,java.lang.String,java.lang.String)[pri:0, instance:com.inetBanking.testCases.TC_Login_DDT_002@481a15ff]" name="loginDDT" duration-ms="5718" started-at="2022-08-01T22:29:27 IST" data-provider="LoginData" finished-at="2022-08-01T22:29:32 IST">
          <params>
            <param index="0">
              <value>
                <![CDATA[mngr164225]]>
              </value>
            </param>
            <param index="1">
              <value>
                <![CDATA[jahetAp]]>
              </value>
            </param>
            <param index="2">
              <value>
                <![CDATA[Invalid]]>
              </value>
            </param>
          </params>
          <reporter-output>
          </reporter-output>
        </test-method> <!-- loginDDT -->
        <test-method status="PASS" signature="loginDDT(java.lang.String,java.lang.String,java.lang.String)[pri:0, instance:com.inetBanking.testCases.TC_Login_DDT_002@481a15ff]" name="loginDDT" duration-ms="5926" started-at="2022-08-01T22:29:32 IST" data-provider="LoginData" finished-at="2022-08-01T22:29:38 IST">
          <params>
            <param index="0">
              <value>
                <![CDATA[mngr112909]]>
              </value>
            </param>
            <param index="1">
              <value>
                <![CDATA[tytUreg]]>
              </value>
            </param>
            <param index="2">
              <value>
                <![CDATA[Invalid]]>
              </value>
            </param>
          </params>
          <reporter-output>
          </reporter-output>
        </test-method> <!-- loginDDT -->
        <test-method status="PASS" signature="tearDown()[pri:0, instance:com.inetBanking.testCases.TC_Login_DDT_002@481a15ff]" name="tearDown" is-config="true" duration-ms="767" started-at="2022-08-01T22:29:38 IST" finished-at="2022-08-01T22:29:39 IST">
          <reporter-output>
          </reporter-output>
        </test-method> <!-- tearDown -->
      </class> <!-- com.inetBanking.testCases.TC_Login_DDT_002 -->
    </test> <!-- Default test -->
  </suite> <!-- Default suite -->
</testng-results>
